[0.007s] Invoking command in '/home/francis/Documents/ROS2/workspace/src/fake_sensors/build/fake_sensors': CMAKE_PREFIX_PATH=${CMAKE_PREFIX_PATH}:/opt/ros/jazzy DEBUGINFOD_URLS=https://debuginfod.ubuntu.com /usr/bin/cmake /home/francis/Documents/ROS2/workspace/src/fake_sensors -DCMAKE_INSTALL_PREFIX=/home/francis/Documents/ROS2/workspace/src/fake_sensors/install/fake_sensors
[0.017s] -- Found ament_cmake: 2.5.2 (/opt/ros/jazzy/share/ament_cmake/cmake)
[0.172s] -- Found rclcpp: 28.1.5 (/opt/ros/jazzy/share/rclcpp/cmake)
[0.187s] -- Found rosidl_generator_c: 4.6.4 (/opt/ros/jazzy/share/rosidl_generator_c/cmake)
[0.193s] -- Found rosidl_generator_cpp: 4.6.4 (/opt/ros/jazzy/share/rosidl_generator_cpp/cmake)
[0.200s] -- Using all available rosidl_typesupport_c: rosidl_typesupport_fastrtps_c;rosidl_typesupport_introspection_c
[0.208s] -- Using all available rosidl_typesupport_cpp: rosidl_typesupport_fastrtps_cpp;rosidl_typesupport_introspection_cpp
[0.249s] -- Found rmw_implementation_cmake: 7.3.1 (/opt/ros/jazzy/share/rmw_implementation_cmake/cmake)
[0.250s] -- Found rmw_fastrtps_cpp: 8.4.1 (/opt/ros/jazzy/share/rmw_fastrtps_cpp/cmake)
[0.290s] -- Using RMW implementation 'rmw_fastrtps_cpp' as default
[0.330s] -- Found std_msgs: 5.3.5 (/opt/ros/jazzy/share/std_msgs/cmake)
[0.338s] -- Found sensor_msgs: 5.3.5 (/opt/ros/jazzy/share/sensor_msgs/cmake)
[0.360s] -- Found cv_bridge: 4.1.0 (/opt/ros/jazzy/share/cv_bridge/cmake)
[0.366s] -- Found image_transport: 5.1.4 (/opt/ros/jazzy/share/image_transport/cmake)
[0.377s] -- Found ament_lint_auto: 0.17.1 (/opt/ros/jazzy/share/ament_lint_auto/cmake)
[0.440s] -- Configuring done (0.4s)
[0.451s] -- Generating done (0.0s)
[0.452s] -- Build files have been written to: /home/francis/Documents/ROS2/workspace/src/fake_sensors/build/fake_sensors
[0.457s] Invoked command in '/home/francis/Documents/ROS2/workspace/src/fake_sensors/build/fake_sensors' returned '0': CMAKE_PREFIX_PATH=${CMAKE_PREFIX_PATH}:/opt/ros/jazzy DEBUGINFOD_URLS=https://debuginfod.ubuntu.com /usr/bin/cmake /home/francis/Documents/ROS2/workspace/src/fake_sensors -DCMAKE_INSTALL_PREFIX=/home/francis/Documents/ROS2/workspace/src/fake_sensors/install/fake_sensors
[0.458s] Invoking command in '/home/francis/Documents/ROS2/workspace/src/fake_sensors/build/fake_sensors': CMAKE_PREFIX_PATH=${CMAKE_PREFIX_PATH}:/opt/ros/jazzy DEBUGINFOD_URLS=https://debuginfod.ubuntu.com /usr/bin/cmake --build /home/francis/Documents/ROS2/workspace/src/fake_sensors/build/fake_sensors -- -j2 -l2
[0.495s] [ 33%] [32mBuilding CXX object CMakeFiles/fake_lidar.dir/src/fake_lidar.cpp.o[0m
[0.495s] [ 66%] [32mBuilding CXX object CMakeFiles/fake_lidar.dir/src/lidar_config.cpp.o[0m
[0.507s] [01m[K/home/francis/Documents/ROS2/workspace/src/fake_sensors/src/lidar_config.cpp:1:9:[m[K [01;35m[Kwarning: [m[K#pragma once in main file
[0.509s]     1 | #pragma [01;35m[Konce[m[K
[0.510s]       |         [01;35m[K^~~~[m[K
[0.686s] [01m[K/home/francis/Documents/ROS2/workspace/src/fake_sensors/src/fake_lidar.cpp:9:10:[m[K [01;31m[Kfatal error: [m[Kcv_bridge/cv.bridge.h: No such file or directory
[0.686s]     9 | #include [01;31m[K"cv_bridge/cv.bridge.h"[m[K
[0.686s]       |          [01;31m[K^~~~~~~~~~~~~~~~~~~~~~~[m[K
[0.686s] compilation terminated.
[0.688s] gmake[2]: *** [CMakeFiles/fake_lidar.dir/build.make:76: CMakeFiles/fake_lidar.dir/src/fake_lidar.cpp.o] Error 1
[0.689s] gmake[2]: *** Waiting for unfinished jobs....
[2.367s] gmake[1]: *** [CMakeFiles/Makefile2:137: CMakeFiles/fake_lidar.dir/all] Error 2
[2.368s] gmake: *** [Makefile:146: all] Error 2
[2.369s] Invoked command in '/home/francis/Documents/ROS2/workspace/src/fake_sensors/build/fake_sensors' returned '2': CMAKE_PREFIX_PATH=${CMAKE_PREFIX_PATH}:/opt/ros/jazzy DEBUGINFOD_URLS=https://debuginfod.ubuntu.com /usr/bin/cmake --build /home/francis/Documents/ROS2/workspace/src/fake_sensors/build/fake_sensors -- -j2 -l2
