[0.006s] Invoking command in '/home/francis/Documents/ROS2/workspace/src/fake_sensors/build/fake_sensors': CMAKE_PREFIX_PATH=${CMAKE_PREFIX_PATH}:/opt/ros/jazzy DEBUGINFOD_URLS=https://debuginfod.ubuntu.com /usr/bin/cmake /home/francis/Documents/ROS2/workspace/src/fake_sensors -DCMAKE_INSTALL_PREFIX=/home/francis/Documents/ROS2/workspace/src/fake_sensors/install/fake_sensors
[0.020s] -- Found ament_cmake: 2.5.2 (/opt/ros/jazzy/share/ament_cmake/cmake)
[0.174s] -- Found rclcpp: 28.1.5 (/opt/ros/jazzy/share/rclcpp/cmake)
[0.190s] -- Found rosidl_generator_c: 4.6.4 (/opt/ros/jazzy/share/rosidl_generator_c/cmake)
[0.195s] -- Found rosidl_generator_cpp: 4.6.4 (/opt/ros/jazzy/share/rosidl_generator_cpp/cmake)
[0.202s] -- Using all available rosidl_typesupport_c: rosidl_typesupport_fastrtps_c;rosidl_typesupport_introspection_c
[0.212s] -- Using all available rosidl_typesupport_cpp: rosidl_typesupport_fastrtps_cpp;rosidl_typesupport_introspection_cpp
[0.253s] -- Found rmw_implementation_cmake: 7.3.1 (/opt/ros/jazzy/share/rmw_implementation_cmake/cmake)
[0.254s] -- Found rmw_fastrtps_cpp: 8.4.1 (/opt/ros/jazzy/share/rmw_fastrtps_cpp/cmake)
[0.293s] -- Using RMW implementation 'rmw_fastrtps_cpp' as default
[0.330s] -- Found std_msgs: 5.3.5 (/opt/ros/jazzy/share/std_msgs/cmake)
[0.338s] -- Found sensor_msgs: 5.3.5 (/opt/ros/jazzy/share/sensor_msgs/cmake)
[0.360s] -- Found cv_bridge: 4.1.0 (/opt/ros/jazzy/share/cv_bridge/cmake)
[0.368s] -- Found image_transport: 5.1.4 (/opt/ros/jazzy/share/image_transport/cmake)
[0.383s] -- Found OpenCV: /usr (found version "4.6.0") 
[0.383s] [31mCMake Error at /opt/ros/jazzy/share/ament_cmake_target_dependencies/cmake/ament_target_dependencies.cmake:77 (message):
[0.383s]   ament_target_dependencies() the passed package name 'src' was not found
[0.383s]   before
[0.383s] Call Stack (most recent call first):
[0.383s]   CMakeLists.txt:22 (ament_target_dependencies)
[0.383s] 
[0.384s] [0m
[0.384s] -- Configuring incomplete, errors occurred!
[0.388s] Invoked command in '/home/francis/Documents/ROS2/workspace/src/fake_sensors/build/fake_sensors' returned '1': CMAKE_PREFIX_PATH=${CMAKE_PREFIX_PATH}:/opt/ros/jazzy DEBUGINFOD_URLS=https://debuginfod.ubuntu.com /usr/bin/cmake /home/francis/Documents/ROS2/workspace/src/fake_sensors -DCMAKE_INSTALL_PREFIX=/home/francis/Documents/ROS2/workspace/src/fake_sensors/install/fake_sensors
