[0.006s] Invoking command in '/home/francis/Documents/ROS2/workspace/src/fake_sensors/build/fake_sensors': CMAKE_PREFIX_PATH=${CMAKE_PREFIX_PATH}:/opt/ros/jazzy DEBUGINFOD_URLS=https://debuginfod.ubuntu.com /usr/bin/cmake /home/francis/Documents/ROS2/workspace/src/fake_sensors -DCMAKE_INSTALL_PREFIX=/home/francis/Documents/ROS2/workspace/src/fake_sensors/install/fake_sensors
[0.047s] -- The C compiler identification is GNU 13.2.0
[0.089s] -- The CXX compiler identification is GNU 13.2.0
[0.100s] -- Detecting C compiler ABI info
[0.162s] -- Detecting C compiler ABI info - done
[0.167s] -- Check for working C compiler: /usr/bin/cc - skipped
[0.167s] -- Detecting C compile features
[0.167s] -- Detecting C compile features - done
[0.174s] -- Detecting CXX compiler ABI info
[0.243s] -- Detecting CXX compiler ABI info - done
[0.247s] -- Check for working CXX compiler: /usr/bin/c++ - skipped
[0.247s] -- Detecting CXX compile features
[0.247s] -- Detecting CXX compile features - done
[0.249s] -- Found ament_cmake: 2.5.2 (/opt/ros/jazzy/share/ament_cmake/cmake)
[0.355s] -- Found Python3: /home/linuxbrew/.linuxbrew/bin/python3 (found version "3.13.0") found components: Interpreter 
[0.430s] -- Found rclcpp: 28.1.5 (/opt/ros/jazzy/share/rclcpp/cmake)
[0.452s] -- Found rosidl_generator_c: 4.6.4 (/opt/ros/jazzy/share/rosidl_generator_c/cmake)
[0.460s] -- Found rosidl_generator_cpp: 4.6.4 (/opt/ros/jazzy/share/rosidl_generator_cpp/cmake)
[0.469s] -- Using all available rosidl_typesupport_c: rosidl_typesupport_fastrtps_c;rosidl_typesupport_introspection_c
[0.479s] -- Using all available rosidl_typesupport_cpp: rosidl_typesupport_fastrtps_cpp;rosidl_typesupport_introspection_cpp
[0.524s] -- Found rmw_implementation_cmake: 7.3.1 (/opt/ros/jazzy/share/rmw_implementation_cmake/cmake)
[0.526s] -- Found rmw_fastrtps_cpp: 8.4.1 (/opt/ros/jazzy/share/rmw_fastrtps_cpp/cmake)
[0.576s] -- Found OpenSSL: /usr/lib/x86_64-linux-gnu/libcrypto.so (found version "3.0.13")  
[0.587s] -- Found FastRTPS: /opt/ros/jazzy/include (Required is at least version "2.13") 
[0.602s] -- Using RMW implementation 'rmw_fastrtps_cpp' as default
[0.649s] -- Found sensor_msgs: 5.3.5 (/opt/ros/jazzy/share/sensor_msgs/cmake)
[0.683s] -- Found ament_lint_auto: 0.17.1 (/opt/ros/jazzy/share/ament_lint_auto/cmake)
[0.701s] Traceback (most recent call last):
[0.703s]   File "/opt/ros/jazzy/share/ament_cmake_core/cmake/core/package_xml_2_cmake.py", line 22, in <module>
[0.703s]     from catkin_pkg.package import parse_package_string
[0.703s] ModuleNotFoundError: No module named 'catkin_pkg'
[0.708s] [31mCMake Error at /opt/ros/jazzy/share/ament_cmake_core/cmake/core/ament_package_xml.cmake:95 (message):
[0.708s]   execute_process(/home/linuxbrew/.linuxbrew/bin/python3
[0.708s]   /opt/ros/jazzy/share/ament_cmake_core/cmake/core/package_xml_2_cmake.py
[0.708s] -- Configuring incomplete, errors occurred!
[0.708s]   /home/francis/Documents/ROS2/workspace/src/fake_sensors/package.xml
[0.708s]   /home/francis/Documents/ROS2/workspace/src/fake_sensors/build/fake_sensors/ament_cmake_core/package.cmake)
[0.708s]   returned error code 1
[0.708s] Call Stack (most recent call first):
[0.708s]   /opt/ros/jazzy/share/ament_cmake_core/cmake/core/ament_package_xml.cmake:49 (_ament_package_xml)
[0.708s]   /opt/ros/jazzy/share/ament_lint_auto/cmake/ament_lint_auto_find_test_dependencies.cmake:31 (ament_package_xml)
[0.708s]   CMakeLists.txt:27 (ament_lint_auto_find_test_dependencies)
[0.708s] 
[0.708s] [0m
[0.713s] Invoked command in '/home/francis/Documents/ROS2/workspace/src/fake_sensors/build/fake_sensors' returned '1': CMAKE_PREFIX_PATH=${CMAKE_PREFIX_PATH}:/opt/ros/jazzy DEBUGINFOD_URLS=https://debuginfod.ubuntu.com /usr/bin/cmake /home/francis/Documents/ROS2/workspace/src/fake_sensors -DCMAKE_INSTALL_PREFIX=/home/francis/Documents/ROS2/workspace/src/fake_sensors/install/fake_sensors
