[0.006s] Invoking command in '/home/francis/Documents/ROS2/workspace/src/fake_sensors/build/fake_sensors': CMAKE_PREFIX_PATH=${CMAKE_PREFIX_PATH}:/opt/ros/jazzy DEBUGINFOD_URLS=https://debuginfod.ubuntu.com /usr/bin/cmake /home/francis/Documents/ROS2/workspace/src/fake_sensors -DCMAKE_INSTALL_PREFIX=/home/francis/Documents/ROS2/workspace/src/fake_sensors/install/fake_sensors
[0.048s] -- The C compiler identification is GNU 13.2.0
[0.086s] -- The CXX compiler identification is GNU 13.2.0
[0.097s] -- Detecting C compiler ABI info
[0.163s] -- Detecting C compiler ABI info - done
[0.166s] -- Check for working C compiler: /usr/bin/cc - skipped
[0.167s] -- Detecting C compile features
[0.167s] -- Detecting C compile features - done
[0.174s] -- Detecting CXX compiler ABI info
[0.243s] -- Detecting CXX compiler ABI info - done
[0.248s] -- Check for working CXX compiler: /usr/bin/c++ - skipped
[0.248s] -- Detecting CXX compile features
[0.249s] -- Detecting CXX compile features - done
[0.250s] -- Found ament_cmake: 2.5.2 (/opt/ros/jazzy/share/ament_cmake/cmake)
[0.355s] -- Found Python3: /home/linuxbrew/.linuxbrew/bin/python3 (found version "3.13.0") found components: Interpreter 
[0.423s] -- Found rclcpp: 28.1.5 (/opt/ros/jazzy/share/rclcpp/cmake)
[0.448s] -- Found rosidl_generator_c: 4.6.4 (/opt/ros/jazzy/share/rosidl_generator_c/cmake)
[0.456s] -- Found rosidl_generator_cpp: 4.6.4 (/opt/ros/jazzy/share/rosidl_generator_cpp/cmake)
[0.465s] -- Using all available rosidl_typesupport_c: rosidl_typesupport_fastrtps_c;rosidl_typesupport_introspection_c
[0.476s] -- Using all available rosidl_typesupport_cpp: rosidl_typesupport_fastrtps_cpp;rosidl_typesupport_introspection_cpp
[0.522s] -- Found rmw_implementation_cmake: 7.3.1 (/opt/ros/jazzy/share/rmw_implementation_cmake/cmake)
[0.524s] -- Found rmw_fastrtps_cpp: 8.4.1 (/opt/ros/jazzy/share/rmw_fastrtps_cpp/cmake)
[0.576s] -- Found OpenSSL: /usr/lib/x86_64-linux-gnu/libcrypto.so (found version "3.0.13")  
[0.588s] -- Found FastRTPS: /opt/ros/jazzy/include (Required is at least version "2.13") 
[0.602s] -- Using RMW implementation 'rmw_fastrtps_cpp' as default
[0.646s] -- Found std_msgs: 5.3.5 (/opt/ros/jazzy/share/std_msgs/cmake)
[0.654s] -- Found sensor_msgs: 5.3.5 (/opt/ros/jazzy/share/sensor_msgs/cmake)
[0.678s] -- Found cv_bridge: 4.1.0 (/opt/ros/jazzy/share/cv_bridge/cmake)
[0.686s] -- Found image_transport: 5.1.4 (/opt/ros/jazzy/share/image_transport/cmake)
[0.701s] -- Found OpenCV: /usr (found version "4.6.0") 
[0.703s] -- Found ament_lint_auto: 0.17.1 (/opt/ros/jazzy/share/ament_lint_auto/cmake)
[0.765s] -- Configuring done (0.8s)
[0.777s] -- Generating done (0.0s)
[0.779s] -- Build files have been written to: /home/francis/Documents/ROS2/workspace/src/fake_sensors/build/fake_sensors
[0.786s] Invoked command in '/home/francis/Documents/ROS2/workspace/src/fake_sensors/build/fake_sensors' returned '0': CMAKE_PREFIX_PATH=${CMAKE_PREFIX_PATH}:/opt/ros/jazzy DEBUGINFOD_URLS=https://debuginfod.ubuntu.com /usr/bin/cmake /home/francis/Documents/ROS2/workspace/src/fake_sensors -DCMAKE_INSTALL_PREFIX=/home/francis/Documents/ROS2/workspace/src/fake_sensors/install/fake_sensors
[0.787s] Invoking command in '/home/francis/Documents/ROS2/workspace/src/fake_sensors/build/fake_sensors': CMAKE_PREFIX_PATH=${CMAKE_PREFIX_PATH}:/opt/ros/jazzy DEBUGINFOD_URLS=https://debuginfod.ubuntu.com /usr/bin/cmake --build /home/francis/Documents/ROS2/workspace/src/fake_sensors/build/fake_sensors -- -j2 -l2
[0.831s] [ 33%] [32mBuilding CXX object CMakeFiles/fake_lidar.dir/src/fake_lidar.cpp.o[0m
[0.834s] [ 66%] [32mBuilding CXX object CMakeFiles/fake_lidar.dir/src/lidar_config.cpp.o[0m
[1.021s] [01m[K/home/francis/Documents/ROS2/workspace/src/fake_sensors/src/fake_lidar.cpp:11:10:[m[K [01;31m[Kfatal error: [m[Kcv_bridge/cv_bridge.h: No such file or directory
[1.021s]    11 | #include [01;31m[K<cv_bridge/cv_bridge.h>[m[K
[1.021s]       |          [01;31m[K^~~~~~~~~~~~~~~~~~~~~~~[m[K
[1.021s] compilation terminated.
[1.023s] gmake[2]: *** [CMakeFiles/fake_lidar.dir/build.make:76: CMakeFiles/fake_lidar.dir/src/fake_lidar.cpp.o] Error 1
[1.023s] gmake[2]: *** Waiting for unfinished jobs....
[2.652s] gmake[1]: *** [CMakeFiles/Makefile2:137: CMakeFiles/fake_lidar.dir/all] Error 2
[2.652s] gmake: *** [Makefile:146: all] Error 2
[2.654s] Invoked command in '/home/francis/Documents/ROS2/workspace/src/fake_sensors/build/fake_sensors' returned '2': CMAKE_PREFIX_PATH=${CMAKE_PREFIX_PATH}:/opt/ros/jazzy DEBUGINFOD_URLS=https://debuginfod.ubuntu.com /usr/bin/cmake --build /home/francis/Documents/ROS2/workspace/src/fake_sensors/build/fake_sensors -- -j2 -l2
